This is pdfTeX, Version 3.1415926-1.40.10 (TeX Live 2009/Debian) (format=pdflatex 2012.4.29)  5 JUL 2012 22:21
entering extended mode
 %&-line parsing enabled.
**"Informe esqueleto.tex"
(./Informe esqueleto.tex
LaTeX2e <2009/09/24>
Babel <v3.8l> and hyphenation patterns for english, usenglishmax, dumylang, noh
yphenation, farsi, arabic, croatian, bulgarian, ukrainian, russian, czech, slov
ak, danish, dutch, finnish, french, basque, ngerman, german, german-x-2009-06-1
9, ngerman-x-2009-06-19, ibycus, monogreek, greek, ancientgreek, hungarian, san
skrit, italian, latin, latvian, lithuanian, mongolian2a, mongolian, bokmal, nyn
orsk, romanian, irish, coptic, serbian, turkish, welsh, esperanto, uppersorbian
, estonian, indonesian, interlingua, icelandic, kurmanji, slovenian, polish, po
rtuguese, spanish, galician, catalan, swedish, ukenglish, pinyin, loaded.
(/usr/share/texmf-texlive/tex/latex/base/report.cls
Document Class: report 2007/10/19 v1.4h Standard LaTeX document class
(/usr/share/texmf-texlive/tex/latex/base/size12.clo
File: size12.clo 2007/10/19 v1.4h Standard LaTeX file (size option)
)
\c@part=\count79
\c@chapter=\count80
\c@section=\count81
\c@subsection=\count82
\c@subsubsection=\count83
\c@paragraph=\count84
\c@subparagraph=\count85
\c@figure=\count86
\c@table=\count87
\abovecaptionskip=\skip41
\belowcaptionskip=\skip42
\bibindent=\dimen102
)
(/var/lib/texmf/tex/generic/babel/babel.sty
Package: babel 2008/07/06 v3.8l The Babel package

(/usr/share/texmf-texlive/tex/generic/babel/spanish.ldf
Language: spanish.ldf 2009/01/02 v5.0h Spanish support from the babel system

(/usr/share/texmf-texlive/tex/generic/babel/babel.def
File: babel.def 2008/07/06 v3.8l Babel common definitions
\babel@savecnt=\count88
\U@D=\dimen103
)
\es@datefmt=\count89
\es@quottoks=\toks14
\es@quotdepth=\count90
Package babel Info: Making " an active character on input line 492.
Package babel Info: Making . an active character on input line 585.
Package babel Info: Making < an active character on input line 630.
Package babel Info: Making > an active character on input line 630.
))
(/usr/share/texmf-texlive/tex/latex/base/inputenc.sty
Package: inputenc 2008/03/30 v1.1d Input encoding file
\inpenc@prehook=\toks15
\inpenc@posthook=\toks16

(/usr/share/texmf-texlive/tex/latex/base/ansinew.def
File: ansinew.def 2008/03/30 v1.1d Input encoding file
))
(/usr/share/texmf-texlive/tex/latex/graphics/graphicx.sty
Package: graphicx 1999/02/16 v1.0f Enhanced LaTeX Graphics (DPC,SPQR)

(/usr/share/texmf-texlive/tex/latex/graphics/keyval.sty
Package: keyval 1999/03/16 v1.13 key=value parser (DPC)
\KV@toks@=\toks17
)
(/usr/share/texmf-texlive/tex/latex/graphics/graphics.sty
Package: graphics 2009/02/05 v1.0o Standard LaTeX Graphics (DPC,SPQR)

(/usr/share/texmf-texlive/tex/latex/graphics/trig.sty
Package: trig 1999/03/16 v1.09 sin cos tan (DPC)
)
(/etc/texmf/tex/latex/config/graphics.cfg
File: graphics.cfg 2009/08/28 v1.8 graphics configuration of TeX Live
)
Package graphics Info: Driver file: pdftex.def on input line 91.

(/usr/share/texmf-texlive/tex/latex/pdftex-def/pdftex.def
File: pdftex.def 2010/03/12 v0.04p Graphics/color for pdfTeX
\Gread@gobject=\count91
))
\Gin@req@height=\dimen104
\Gin@req@width=\dimen105
)
(/usr/share/texmf-texlive/tex/latex/geometry/geometry.sty
Package: geometry 2008/12/21 v4.2 Page Geometry

(/usr/share/texmf-texlive/tex/generic/oberdiek/ifpdf.sty
Package: ifpdf 2009/04/10 v2.0 Provides the ifpdf switch (HO)
Package ifpdf Info: pdfTeX in pdf mode detected.
)
(/usr/share/texmf-texlive/tex/generic/oberdiek/ifvtex.sty
Package: ifvtex 2008/11/04 v1.4 Switches for detecting VTeX and its modes (HO)
Package ifvtex Info: VTeX not detected.
)
\Gm@cnth=\count92
\Gm@cntv=\count93
\c@Gm@tempcnt=\count94
\Gm@bindingoffset=\dimen106
\Gm@wd@mp=\dimen107
\Gm@odd@mp=\dimen108
\Gm@even@mp=\dimen109
\Gm@dimlist=\toks18

(/usr/share/texmf-texlive/tex/xelatex/xetexconfig/geometry.cfg))
(./Informe esqueleto.aux

LaTeX Warning: Label `fig:BB' multiply defined.


LaTeX Warning: Label `fig:BB' multiply defined.

)
\openout1 = `"Informe esqueleto.aux"'.

LaTeX Font Info:    Checking defaults for OML/cmm/m/it on input line 39.
LaTeX Font Info:    ... okay on input line 39.
LaTeX Font Info:    Checking defaults for T1/cmr/m/n on input line 39.
LaTeX Font Info:    ... okay on input line 39.
LaTeX Font Info:    Checking defaults for OT1/cmr/m/n on input line 39.
LaTeX Font Info:    ... okay on input line 39.
LaTeX Font Info:    Checking defaults for OMS/cmsy/m/n on input line 39.
LaTeX Font Info:    ... okay on input line 39.
LaTeX Font Info:    Checking defaults for OMX/cmex/m/n on input line 39.
LaTeX Font Info:    ... okay on input line 39.
LaTeX Font Info:    Checking defaults for U/cmr/m/n on input line 39.
LaTeX Font Info:    ... okay on input line 39.
 (/usr/share/texmf-texlive/tex/context/base/supp-pdf.mkii
[Loading MPS to PDF converter (version 2006.09.02).]
\scratchcounter=\count95
\scratchdimen=\dimen110
\scratchbox=\box26
\nofMPsegments=\count96
\nofMParguments=\count97
\everyMPshowfont=\toks19
\MPscratchCnt=\count98
\MPscratchDim=\dimen111
\MPnumerator=\count99
\everyMPtoPDFconversion=\toks20
)
*geometry auto-detecting driver*
*geometry detected driver: pdftex*
-------------------- Geometry parameters
paper: letterpaper
landscape: --
twocolumn: --
twoside: --
asymmetric: --
h-parts: 85.35826pt, 472.03123pt, 56.9055pt
v-parts: 56.9055pt, 681.15898pt, 56.9055pt
hmarginratio: --
vmarginratio: --
lines: --
heightrounded: --
bindingoffset: 0.0pt
truedimen: --
includehead: --
includefoot: --
includemp: --
driver: pdftex
-------------------- Page layout dimensions and switches
\paperwidth  614.295pt
\paperheight 794.96999pt
\textwidth  472.03123pt
\textheight 681.15898pt
\oddsidemargin  13.08827pt
\evensidemargin 13.08827pt
\topmargin  -27.36449pt
\headheight 12.0pt
\headsep    0.0pt
\footskip   14.22636pt
\marginparwidth 44.0pt
\marginparsep   10.0pt
\columnsep  10.0pt
\skip\footins  10.8pt plus 4.0pt minus 2.0pt
\hoffset 0.0pt
\voffset 0.0pt
\mag 1000

(1in=72.27pt, 1cm=28.45pt)
-----------------------
LaTeX Font Info:    External font `cmex10' loaded for size
(Font)              <12> on input line 61.
LaTeX Font Info:    External font `cmex10' loaded for size
(Font)              <8> on input line 61.
LaTeX Font Info:    External font `cmex10' loaded for size
(Font)              <6> on input line 61.
[1

{/var/lib/texmf/fonts/map/pdftex/updmap/pdftex.map}] (./Informe esqueleto.toc)
\tf@toc=\write3
\openout3 = `"Informe esqueleto.toc"'.

 [1

]
Cap\'{\i }tulo 1.
[1

]
Cap\'{\i }tulo 2.
[2

] [3]
Cap\'{\i }tulo 3.
<ResultadosBinaria.png, id=22, 596.98032pt x 1221.06187pt>
File: ResultadosBinaria.png Graphic file (type png)

<use ResultadosBinaria.png>

LaTeX Warning: Float too large for page by 1.47662pt on input line 175.

<BusquedaInterpolacion.png, id=23, 589.4522pt x 1221.06187pt>
File: BusquedaInterpolacion.png Graphic file (type png)

<use BusquedaInterpolacion.png>
<ResultadosInter-Mixta.png, id=24, 610.53094pt x 1221.06187pt>
File: ResultadosInter-Mixta.png Graphic file (type png)

<use ResultadosInter-Mixta.png> [4

] [5 <./ResultadosBinaria.png (PNG copy)>]
[6 <./BusquedaInterpolacion.png (PNG copy)>] [7 <./ResultadosInter-Mixta.png (P
NG copy)>]
Cap\'{\i }tulo 4.
[8

] [9] <tiempovsn,AU-AU.png, id=44, 527.72156pt x 310.15875pt>
File: tiempovsn,AU-AU.png Graphic file (type png)

<use tiempovsn,AU-AU.png>
<tiempovsn,AU-AI.png, id=45, 546.54187pt x 309.40594pt>
File: tiempovsn,AU-AI.png Graphic file (type png)

<use tiempovsn,AU-AI.png>
<tiempovsn,AD-AU.png, id=46, 546.54187pt x 309.40594pt>
File: tiempovsn,AD-AU.png Graphic file (type png)

<use tiempovsn,AD-AU.png>
<tiempovsn,AD-AI.png, id=47, 546.54187pt x 309.40594pt>
File: tiempovsn,AD-AI.png Graphic file (type png)

<use tiempovsn,AD-AI.png>
<Comparacionesvsn,AU-AU.png, id=48, 546.54187pt x 309.40594pt>
File: Comparacionesvsn,AU-AU.png Graphic file (type png)

<use Comparacionesvsn,AU-AU.png>
<Comparacionesvsn,AU-AI.png, id=49, 546.54187pt x 309.40594pt>
File: Comparacionesvsn,AU-AI.png Graphic file (type png)

<use Comparacionesvsn,AU-AI.png>
<Comparacionesvsn,AD-AU.png, id=50, 546.54187pt x 309.40594pt>
File: Comparacionesvsn,AD-AU.png Graphic file (type png)

<use Comparacionesvsn,AD-AU.png>
<Comparacionesvsn,AD-AI.png, id=51, 546.54187pt x 309.40594pt>
File: Comparacionesvsn,AD-AI.png Graphic file (type png)

<use Comparacionesvsn,AD-AI.png>
<BBinariaA-A.png, id=52, 362.10281pt x 217.5628pt>
File: BBinariaA-A.png Graphic file (type png)
 <use BBinariaA-A.png>
<BInterpolacionA-A.png, id=53, 362.10281pt x 217.5628pt>
File: BInterpolacionA-A.png Graphic file (type png)

<use BInterpolacionA-A.png>
<BInter-MixtaA-A.png, id=54, 362.10281pt x 217.5628pt>
File: BInter-MixtaA-A.png Graphic file (type png)

<use BInter-MixtaA-A.png> [10 <./tiempovsn,AU-AU.png (PNG copy)> <./tiempovsn,A
U-AI.png (PNG copy)>] [11 <./tiempovsn,AD-AU.png (PNG copy)> <./tiempovsn,AD-AI
.png (PNG copy)>] [12 <./Comparacionesvsn,AU-AU.png (PNG copy)> <./Comparacione
svsn,AU-AI.png (PNG copy)>] [13 <./Comparacionesvsn,AD-AU.png (PNG copy)> <./Co
mparacionesvsn,AD-AI.png (PNG copy)>] [14 <./BBinariaA-A.png (PNG copy)> <./BIn
terpolacionA-A.png (PNG copy)> <./BInter-MixtaA-A.png (PNG copy)>]
Cap\'{\i }tulo 5.
[15

] (./Informe esqueleto.aux)

LaTeX Warning: There were multiply-defined labels.

 ) 
Here is how much of TeX's memory you used:
 2063 strings out of 493848
 27576 string characters out of 1152823
 85553 words of memory out of 3000000
 5339 multiletter control sequences out of 15000+50000
 8801 words of font info for 31 fonts, out of 3000000 for 9000
 714 hyphenation exceptions out of 8191
 25i,7n,27p,431b,227s stack positions out of 5000i,500n,10000p,200000b,50000s
</usr/share/texmf-texlive/fonts/type1/public/amsfonts/cm/cmbx12.pfb></usr/sha
re/texmf-texlive/fonts/type1/public/amsfonts/cm/cmcsc10.pfb></usr/share/texmf-t
exlive/fonts/type1/public/amsfonts/cm/cmmi12.pfb></usr/share/texmf-texlive/font
s/type1/public/amsfonts/cm/cmr12.pfb></usr/share/texmf-texlive/fonts/type1/publ
ic/amsfonts/cm/cmsy10.pfb>
Output written on "Informe esqueleto.pdf" (17 pages, 690434 bytes).
PDF statistics:
 91 PDF objects out of 1000 (max. 8388607)
 0 named destinations out of 1000 (max. 500000)
 71 words of extra memory for PDF output out of 10000 (max. 10000000)

